<?xml version="1.0" encoding="UTF-8"?>
<testsuite name="com.peter.broship.boot.web.IndexControllerTest" tests="1" skipped="0" failures="0" errors="0" timestamp="2021-03-12T15:41:44" hostname="DESKTOP-7RIMP61" time="0.255">
  <properties/>
  <testcase name="메인페이지_로딩" classname="com.peter.broship.boot.web.IndexControllerTest" time="0.255"/>
  <system-out><![CDATA[2021-03-13 00:41:41.318  INFO 18044 --- [    Test worker] .b.t.c.SpringBootTestContextBootstrapper : Neither @ContextConfiguration nor @ContextHierarchy found for test class [com.peter.broship.boot.web.IndexControllerTest], using SpringBootContextLoader
2021-03-13 00:41:41.319  INFO 18044 --- [    Test worker] o.s.t.c.support.AbstractContextLoader    : Could not detect default resource locations for test class [com.peter.broship.boot.web.IndexControllerTest]: no resource found for suffixes {-context.xml, Context.groovy}.
2021-03-13 00:41:41.320  INFO 18044 --- [    Test worker] t.c.s.AnnotationConfigContextLoaderUtils : Could not detect default configuration classes for test class [com.peter.broship.boot.web.IndexControllerTest]: IndexControllerTest does not declare any static, non-private, non-final, nested classes annotated with @Configuration.
2021-03-13 00:41:41.322  INFO 18044 --- [    Test worker] .b.t.c.SpringBootTestContextBootstrapper : Found @SpringBootConfiguration com.peter.broship.boot.Application for test class com.peter.broship.boot.web.IndexControllerTest
2021-03-13 00:41:41.323  INFO 18044 --- [    Test worker] .b.t.c.SpringBootTestContextBootstrapper : Loaded default TestExecutionListener class names from location [META-INF/spring.factories]: [org.springframework.security.test.context.support.WithSecurityContextTestExecutionListener, org.springframework.security.test.context.support.ReactorContextTestExecutionListener, org.springframework.boot.test.autoconfigure.restdocs.RestDocsTestExecutionListener, org.springframework.boot.test.autoconfigure.web.client.MockRestServiceServerResetTestExecutionListener, org.springframework.boot.test.autoconfigure.web.servlet.MockMvcPrintOnlyOnFailureTestExecutionListener, org.springframework.boot.test.autoconfigure.web.servlet.WebDriverTestExecutionListener, org.springframework.boot.test.mock.mockito.MockitoTestExecutionListener, org.springframework.boot.test.mock.mockito.ResetMocksTestExecutionListener, org.springframework.test.context.web.ServletTestExecutionListener, org.springframework.test.context.support.DirtiesContextBeforeModesTestExecutionListener, org.springframework.test.context.support.DependencyInjectionTestExecutionListener, org.springframework.test.context.support.DirtiesContextTestExecutionListener, org.springframework.test.context.transaction.TransactionalTestExecutionListener, org.springframework.test.context.jdbc.SqlScriptsTestExecutionListener]
2021-03-13 00:41:41.325  INFO 18044 --- [    Test worker] .b.t.c.SpringBootTestContextBootstrapper : Using TestExecutionListeners: [org.springframework.test.context.web.ServletTestExecutionListener@42b40613, org.springframework.test.context.support.DirtiesContextBeforeModesTestExecutionListener@3bb8efc4, org.springframework.boot.test.mock.mockito.MockitoTestExecutionListener@5715f543, org.springframework.boot.test.autoconfigure.SpringBootDependencyInjectionTestExecutionListener@49291f, org.springframework.test.context.support.DirtiesContextTestExecutionListener@62af339b, org.springframework.test.context.transaction.TransactionalTestExecutionListener@1e9536c5, org.springframework.test.context.jdbc.SqlScriptsTestExecutionListener@665277b9, org.springframework.security.test.context.support.WithSecurityContextTestExecutionListener@2f1abbbd, org.springframework.security.test.context.support.ReactorContextTestExecutionListener@3432762e, org.springframework.boot.test.autoconfigure.restdocs.RestDocsTestExecutionListener@3265d73, org.springframework.boot.test.autoconfigure.web.client.MockRestServiceServerResetTestExecutionListener@76bc1d11, org.springframework.boot.test.autoconfigure.web.servlet.MockMvcPrintOnlyOnFailureTestExecutionListener@c019728, org.springframework.boot.test.autoconfigure.web.servlet.WebDriverTestExecutionListener@2ba50380, org.springframework.boot.test.mock.mockito.ResetMocksTestExecutionListener@1ad91e42]

  .   ____          _            __ _ _
 /\\ / ___'_ __ _ _(_)_ __  __ _ \ \ \ \
( ( )\___ | '_ | '_| | '_ \/ _` | \ \ \ \
 \\/  ___)| |_)| | | | | || (_| |  ) ) ) )
  '  |____| .__|_| |_|_| |_\__, | / / / /
 =========|_|==============|___/=/_/_/_/
 :: Spring Boot ::        (v2.1.7.RELEASE)

2021-03-13 00:41:41.365  INFO 18044 --- [    Test worker] c.p.b.boot.web.IndexControllerTest       : Starting IndexControllerTest on DESKTOP-7RIMP61 with PID 18044 (started by PeterJeon in D:\TIL\HelloBoot)
2021-03-13 00:41:41.365  INFO 18044 --- [    Test worker] c.p.b.boot.web.IndexControllerTest       : No active profile set, falling back to default profiles: default
2021-03-13 00:41:41.665  INFO 18044 --- [    Test worker] .s.d.r.c.RepositoryConfigurationDelegate : Bootstrapping Spring Data repositories in DEFAULT mode.
2021-03-13 00:41:41.687  INFO 18044 --- [    Test worker] .s.d.r.c.RepositoryConfigurationDelegate : Finished Spring Data repository scanning in 22ms. Found 2 repository interfaces.
2021-03-13 00:41:41.863  INFO 18044 --- [    Test worker] trationDelegate$BeanPostProcessorChecker : Bean 'org.springframework.transaction.annotation.ProxyTransactionManagementConfiguration' of type [org.springframework.transaction.annotation.ProxyTransactionManagementConfiguration$$EnhancerBySpringCGLIB$$a57c0046] is not eligible for getting processed by all BeanPostProcessors (for example: not eligible for auto-proxying)
2021-03-13 00:41:42.186  INFO 18044 --- [    Test worker] o.s.b.w.embedded.tomcat.TomcatWebServer  : Tomcat initialized with port(s): 0 (http)
2021-03-13 00:41:42.225  INFO 18044 --- [    Test worker] o.apache.catalina.core.StandardService   : Starting service [Tomcat]
2021-03-13 00:41:42.226  INFO 18044 --- [    Test worker] org.apache.catalina.core.StandardEngine  : Starting Servlet engine: [Apache Tomcat/9.0.22]
2021-03-13 00:41:42.477  INFO 18044 --- [    Test worker] o.a.c.c.C.[Tomcat].[localhost].[/]       : Initializing Spring embedded WebApplicationContext
2021-03-13 00:41:42.477  INFO 18044 --- [    Test worker] o.s.web.context.ContextLoader            : Root WebApplicationContext: initialization completed in 1109 ms
2021-03-13 00:41:42.722  INFO 18044 --- [    Test worker] com.zaxxer.hikari.HikariDataSource       : HikariPool-2 - Starting...
2021-03-13 00:41:42.723  INFO 18044 --- [    Test worker] com.zaxxer.hikari.HikariDataSource       : HikariPool-2 - Start completed.
2021-03-13 00:41:42.769  INFO 18044 --- [    Test worker] o.hibernate.jpa.internal.util.LogHelper  : HHH000204: Processing PersistenceUnitInfo [
	name: default
	...]
2021-03-13 00:41:42.779  INFO 18044 --- [    Test worker] org.hibernate.dialect.Dialect            : HHH000400: Using dialect: org.hibernate.dialect.MySQL5InnoDBDialect
Hibernate: drop table if exists posts
Hibernate: drop table if exists user
Hibernate: create table posts (id bigint not null auto_increment, created_date datetime, modified_date datetime, author varchar(255), content TEXT not null, title varchar(500) not null, primary key (id)) engine=InnoDB
Hibernate: create table user (id bigint not null auto_increment, email varchar(255) not null, name varchar(255) not null, picture varchar(255), role varchar(255) not null, primary key (id)) engine=InnoDB
2021-03-13 00:41:42.853  INFO 18044 --- [    Test worker] o.h.t.schema.internal.SchemaCreatorImpl  : HHH000476: Executing import script 'org.hibernate.tool.schema.internal.exec.ScriptSourceInputNonExistentImpl@6a22bc89'
2021-03-13 00:41:42.854  INFO 18044 --- [    Test worker] j.LocalContainerEntityManagerFactoryBean : Initialized JPA EntityManagerFactory for persistence unit 'default'
2021-03-13 00:41:43.278  INFO 18044 --- [    Test worker] o.h.h.i.QueryTranslatorFactoryInitiator  : HHH000397: Using ASTQueryTranslatorFactory
2021-03-13 00:41:43.463  INFO 18044 --- [    Test worker] o.s.s.web.DefaultSecurityFilterChain     : Creating filter chain: any request, [org.springframework.security.web.context.request.async.WebAsyncManagerIntegrationFilter@1a7c49ed, org.springframework.security.web.context.SecurityContextPersistenceFilter@2c3105e, org.springframework.security.web.header.HeaderWriterFilter@5a2c9fe8, org.springframework.security.web.authentication.logout.LogoutFilter@10dc7943, org.springframework.security.oauth2.client.web.OAuth2AuthorizationRequestRedirectFilter@217d478f, org.springframework.security.oauth2.client.web.OAuth2LoginAuthenticationFilter@5bf0bc88, org.springframework.security.web.authentication.ui.DefaultLoginPageGeneratingFilter@a07d9bd, org.springframework.security.web.authentication.ui.DefaultLogoutPageGeneratingFilter@67890f44, org.springframework.security.web.savedrequest.RequestCacheAwareFilter@5e22276, org.springframework.security.web.servletapi.SecurityContextHolderAwareRequestFilter@3b8f3efd, org.springframework.security.web.authentication.AnonymousAuthenticationFilter@2c836d05, org.springframework.security.web.session.SessionManagementFilter@21721968, org.springframework.security.web.access.ExceptionTranslationFilter@2a05a474, org.springframework.security.web.access.intercept.FilterSecurityInterceptor@55a515ab]
2021-03-13 00:41:43.698  INFO 18044 --- [    Test worker] o.s.s.concurrent.ThreadPoolTaskExecutor  : Initializing ExecutorService 'applicationTaskExecutor'
2021-03-13 00:41:43.738  WARN 18044 --- [    Test worker] aWebConfiguration$JpaWebMvcConfiguration : spring.jpa.open-in-view is enabled by default. Therefore, database queries may be performed during view rendering. Explicitly configure spring.jpa.open-in-view to disable this warning
2021-03-13 00:41:43.774  INFO 18044 --- [    Test worker] o.s.b.a.w.s.WelcomePageHandlerMapping    : Adding welcome page template: index
2021-03-13 00:41:44.131  INFO 18044 --- [    Test worker] s.a.ScheduledAnnotationBeanPostProcessor : No TaskScheduler/ScheduledExecutorService bean found for scheduled processing
2021-03-13 00:41:44.156  INFO 18044 --- [    Test worker] o.s.b.w.embedded.tomcat.TomcatWebServer  : Tomcat started on port(s): 11718 (http) with context path ''
2021-03-13 00:41:44.157  INFO 18044 --- [    Test worker] c.p.b.boot.web.IndexControllerTest       : Started IndexControllerTest in 2.83 seconds (JVM running for 13.935)
2021-03-13 00:41:44.283  INFO 18044 --- [o-auto-1-exec-1] o.a.c.c.C.[Tomcat].[localhost].[/]       : Initializing Spring DispatcherServlet 'dispatcherServlet'
2021-03-13 00:41:44.283  INFO 18044 --- [o-auto-1-exec-1] o.s.web.servlet.DispatcherServlet        : Initializing Servlet 'dispatcherServlet'
2021-03-13 00:41:44.316  INFO 18044 --- [o-auto-1-exec-1] o.s.web.servlet.DispatcherServlet        : Completed initialization in 33 ms
Hibernate: select posts0_.id as id1_0_, posts0_.created_date as created_2_0_, posts0_.modified_date as modified3_0_, posts0_.author as author4_0_, posts0_.content as content5_0_, posts0_.title as title6_0_ from posts posts0_ order by posts0_.id DESC
]]></system-out>
  <system-err><![CDATA[]]></system-err>
</testsuite>
